\BOOKMARK [1][-]{section.1}{Literature Reviews}{}% 1
\BOOKMARK [2][-]{subsection.1.1}{Overview of Security Problems}{section.1}% 2
\BOOKMARK [2][-]{subsection.1.2}{Review of the Patrolling game}{section.1}% 3
\BOOKMARK [3][-]{subsubsection.1.2.1}{Game set-up}{subsection.1.2}% 4
\BOOKMARK [3][-]{subsubsection.1.2.2}{Bounds and Tools}{subsection.1.2}% 5
\BOOKMARK [3][-]{subsubsection.1.2.3}{Solved Graphs}{subsection.1.2}% 6
\BOOKMARK [3][-]{subsubsection.1.2.4}{Conclusion on review of patrolling problem}{subsection.1.2}% 7
\BOOKMARK [2][-]{subsection.1.3}{Review of the patrolling problem with random attackers}{section.1}% 8
\BOOKMARK [3][-]{subsubsection.1.3.1}{Problem set-up}{subsection.1.3}% 9
\BOOKMARK [3][-]{subsubsection.1.3.2}{Problem relaxation}{subsection.1.3}% 10
\BOOKMARK [3][-]{subsubsection.1.3.3}{Single-node problem}{subsection.1.3}% 11
\BOOKMARK [3][-]{subsubsection.1.3.4}{More heuristics}{subsection.1.3}% 12
\BOOKMARK [3][-]{subsubsection.1.3.5}{Conclusion on review of patrolling problem}{subsection.1.3}% 13
\BOOKMARK [1][-]{section.2}{Patrolling games}{}% 14
\BOOKMARK [2][-]{subsection.2.1}{Issue and correction of the diametric bound}{section.2}% 15
\BOOKMARK [2][-]{subsection.2.2}{New Tools}{section.2}% 16
\BOOKMARK [2][-]{subsection.2.3}{Star graph solution}{section.2}% 17
\BOOKMARK [2][-]{subsection.2.4}{Elongating the star graph}{section.2}% 18
\BOOKMARK [2][-]{subsection.2.5}{Generalising the star graph}{section.2}% 19
\BOOKMARK [2][-]{subsection.2.6}{Joining star graphs by centralised connections}{section.2}% 20
\BOOKMARK [1][-]{section.3}{Patrolling problem with local-observations}{}% 21
\BOOKMARK [2][-]{subsection.3.1}{Altering the problem for an instantaneously moving patroller}{section.3}% 22
\BOOKMARK [2][-]{subsection.3.2}{Altering problem to accommodate local-observable information}{section.3}% 23
\BOOKMARK [2][-]{subsection.3.3}{Deterministic attack time assumption}{section.3}% 24
\BOOKMARK [2][-]{subsection.3.4}{Single node solution}{section.3}% 25
\BOOKMARK [2][-]{subsection.3.5}{Index and heuristics}{section.3}% 26
\BOOKMARK [2][-]{subsection.3.6}{Numerical experiments}{section.3}% 27
\BOOKMARK [1][-]{section.4}{Future Work}{}% 28
\BOOKMARK [2][-]{subsection.4.1}{Further solutions for elongated trees}{section.4}% 29
\BOOKMARK [3][-]{subsubsection.4.1.1}{Plan}{subsection.4.1}% 30
\BOOKMARK [2][-]{subsection.4.2}{Proof completions}{section.4}% 31
\BOOKMARK [3][-]{subsubsection.4.2.1}{Plan}{subsection.4.2}% 32
\BOOKMARK [2][-]{subsection.4.3}{Complete numerical experiments}{section.4}% 33
\BOOKMARK [3][-]{subsubsection.4.3.1}{Plan}{subsection.4.3}% 34
\BOOKMARK [2][-]{subsection.4.4}{Extending discrete attack time to generic distributions for local observations}{section.4}% 35
\BOOKMARK [3][-]{subsubsection.4.4.1}{Plan}{subsection.4.4}% 36
\BOOKMARK [2][-]{subsection.4.5}{Patrolling problem and game with random attackers on edges}{section.4}% 37
\BOOKMARK [3][-]{subsubsection.4.5.1}{Plan}{subsection.4.5}% 38
\BOOKMARK [2][-]{subsection.4.6}{Investigate weighted graphs}{section.4}% 39
\BOOKMARK [3][-]{subsubsection.4.6.1}{Plan}{subsection.4.6}% 40
\BOOKMARK [2][-]{subsection.4.7}{Investigate types of patrolling}{section.4}% 41
\BOOKMARK [3][-]{subsubsection.4.7.1}{Plan}{subsection.4.7}% 42
\BOOKMARK [1][-]{section*.35}{Appendices}{}% 43
\BOOKMARK [1][-]{appendix.A}{Graph Definitions}{}% 44
\BOOKMARK [1][-]{appendix.B}{Examples}{}% 45
\BOOKMARK [2][-]{subsection.B.1}{Example of decomposition}{appendix.B}% 46
\BOOKMARK [2][-]{subsection.B.2}{Example of simplification}{appendix.B}% 47
\BOOKMARK [1][-]{appendix.C}{Patrolling games}{}% 48
\BOOKMARK [2][-]{subsection.C.1}{Proof of diametric waiting time}{appendix.C}% 49
\BOOKMARK [2][-]{subsection.C.2}{Proof of conditions on T for diametric attack}{appendix.C}% 50
\BOOKMARK [2][-]{subsection.C.3}{Proof of time-limited diametric attack}{appendix.C}% 51
\BOOKMARK [2][-]{subsection.C.4}{Proof of time-delayed attack}{appendix.C}% 52
\BOOKMARK [2][-]{subsection.C.5}{Proof of type-delayed attack}{appendix.C}% 53
\BOOKMARK [2][-]{subsection.C.6}{Generalised ARHP}{appendix.C}% 54
\BOOKMARK [1][-]{appendix.D}{Improving random oscillations}{}% 55
\BOOKMARK [2][-]{subsection.D.1}{Reason For Probability of Interception formula}{appendix.D}% 56
\BOOKMARK [2][-]{subsection.D.2}{Naive improvement analysis}{appendix.D}% 57
\BOOKMARK [2][-]{subsection.D.3}{Combinatorial improvement analysis}{appendix.D}% 58
\BOOKMARK [2][-]{subsection.D.4}{Combinatorial improvement extension}{appendix.D}% 59
\BOOKMARK [1][-]{appendix.E}{Optimal Solution for a Random Attacker}{}% 60
