This is pdfTeX, Version 3.14159265-2.6-1.40.18 (TeX Live 2017) (preloaded format=pdflatex 2017.6.5)  3 JUL 2018 11:13
entering extended mode
 restricted \write18 enabled.
 %&-line parsing enabled.
**"Working Clean Document.tex"
(./Working Clean Document.tex
LaTeX2e <2017-04-15>
Babel <3.10> and hyphenation patterns for 84 language(s) loaded.
(/maths/linuxlocal/AMD64/texlive/2017/texmf-dist/tex/latex/base/article.cls
Document Class: article 2014/09/29 v1.4h Standard LaTeX document class
(/maths/linuxlocal/AMD64/texlive/2017/texmf-dist/tex/latex/base/size10.clo
File: size10.clo 2014/09/29 v1.4h Standard LaTeX file (size option)
)
\c@part=\count79
\c@section=\count80
\c@subsection=\count81
\c@subsubsection=\count82
\c@paragraph=\count83
\c@subparagraph=\count84
\c@figure=\count85
\c@table=\count86
\abovecaptionskip=\skip41
\belowcaptionskip=\skip42
\bibindent=\dimen102
)
(/maths/linuxlocal/AMD64/texlive/2017/texmf-dist/tex/latex/graphics/color.sty
Package: color 2016/07/10 v1.1e Standard LaTeX Color (DPC)

(/maths/linuxlocal/AMD64/texlive/2017/texmf-dist/tex/latex/graphics-cfg/color.c
fg
File: color.cfg 2016/01/02 v1.6 sample color configuration
)
Package color Info: Driver file: pdftex.def on input line 147.

(/maths/linuxlocal/AMD64/texlive/2017/texmf-dist/tex/latex/graphics-def/pdftex.
def
File: pdftex.def 2017/01/12 v0.06k Graphics/color for pdfTeX

(/maths/linuxlocal/AMD64/texlive/2017/texmf-dist/tex/generic/oberdiek/infwarerr
.sty
Package: infwarerr 2016/05/16 v1.4 Providing info/warning/error messages (HO)
)
(/maths/linuxlocal/AMD64/texlive/2017/texmf-dist/tex/generic/oberdiek/ltxcmds.s
ty
Package: ltxcmds 2016/05/16 v1.23 LaTeX kernel commands for general use (HO)
)
\Gread@gobject=\count87
))
(/maths/linuxlocal/AMD64/texlive/2017/texmf-dist/tex/latex/xcolor/xcolor.sty
Package: xcolor 2016/05/11 v2.12 LaTeX color extensions (UK)

(/maths/linuxlocal/AMD64/texlive/2017/texmf-dist/tex/latex/graphics-cfg/color.c
fg
File: color.cfg 2016/01/02 v1.6 sample color configuration
)
Package xcolor Info: Driver file: pdftex.def on input line 225.
LaTeX Info: Redefining \color on input line 709.
Package xcolor Info: Model `cmy' substituted by `cmy0' on input line 1348.
Package xcolor Info: Model `hsb' substituted by `rgb' on input line 1352.
Package xcolor Info: Model `RGB' extended on input line 1364.
Package xcolor Info: Model `HTML' substituted by `rgb' on input line 1366.
Package xcolor Info: Model `Hsb' substituted by `hsb' on input line 1367.
Package xcolor Info: Model `tHsb' substituted by `hsb' on input line 1368.
Package xcolor Info: Model `HSB' substituted by `hsb' on input line 1369.
Package xcolor Info: Model `Gray' substituted by `gray' on input line 1370.
Package xcolor Info: Model `wave' substituted by `hsb' on input line 1371.
)
(/maths/linuxlocal/AMD64/texlive/2017/texmf-dist/tex/latex/pgf/frontendlayer/ti
kz.sty
(/maths/linuxlocal/AMD64/texlive/2017/texmf-dist/tex/latex/pgf/basiclayer/pgf.s
ty
(/maths/linuxlocal/AMD64/texlive/2017/texmf-dist/tex/latex/pgf/utilities/pgfrcs
.sty
(/maths/linuxlocal/AMD64/texlive/2017/texmf-dist/tex/generic/pgf/utilities/pgfu
til-common.tex
\pgfutil@everybye=\toks14
\pgfutil@tempdima=\dimen103
\pgfutil@tempdimb=\dimen104

(/maths/linuxlocal/AMD64/texlive/2017/texmf-dist/tex/generic/pgf/utilities/pgfu
til-common-lists.tex))
(/maths/linuxlocal/AMD64/texlive/2017/texmf-dist/tex/generic/pgf/utilities/pgfu
til-latex.def
\pgfutil@abb=\box26

(/maths/linuxlocal/AMD64/texlive/2017/texmf-dist/tex/latex/ms/everyshi.sty
Package: everyshi 2001/05/15 v3.00 EveryShipout Package (MS)
))
(/maths/linuxlocal/AMD64/texlive/2017/texmf-dist/tex/generic/pgf/utilities/pgfr
cs.code.tex
Package: pgfrcs 2015/08/07 v3.0.1a (rcs-revision 1.31)
))
Package: pgf 2015/08/07 v3.0.1a (rcs-revision 1.15)

(/maths/linuxlocal/AMD64/texlive/2017/texmf-dist/tex/latex/pgf/basiclayer/pgfco
re.sty
(/maths/linuxlocal/AMD64/texlive/2017/texmf-dist/tex/latex/graphics/graphicx.st
y
Package: graphicx 2014/10/28 v1.0g Enhanced LaTeX Graphics (DPC,SPQR)

(/maths/linuxlocal/AMD64/texlive/2017/texmf-dist/tex/latex/graphics/keyval.sty
Package: keyval 2014/10/28 v1.15 key=value parser (DPC)
\KV@toks@=\toks15
)
(/maths/linuxlocal/AMD64/texlive/2017/texmf-dist/tex/latex/graphics/graphics.st
y
Package: graphics 2017/04/14 v1.1b Standard LaTeX Graphics (DPC,SPQR)
 (/maths/linuxlocal/AMD64/texlive/2017/texmf-dist/tex/latex/graphics/trig.sty
Package: trig 2016/01/03 v1.10 sin cos tan (DPC)
)
(/maths/linuxlocal/AMD64/texlive/2017/texmf-dist/tex/latex/graphics-cfg/graphic
s.cfg
File: graphics.cfg 2016/06/04 v1.11 sample graphics configuration
)
Package graphics Info: Driver file: pdftex.def on input line 99.
)
\Gin@req@height=\dimen105
\Gin@req@width=\dimen106
)
(/maths/linuxlocal/AMD64/texlive/2017/texmf-dist/tex/latex/pgf/systemlayer/pgfs
ys.sty
(/maths/linuxlocal/AMD64/texlive/2017/texmf-dist/tex/generic/pgf/systemlayer/pg
fsys.code.tex
Package: pgfsys 2014/07/09 v3.0.1a (rcs-revision 1.48)

(/maths/linuxlocal/AMD64/texlive/2017/texmf-dist/tex/generic/pgf/utilities/pgfk
eys.code.tex
\pgfkeys@pathtoks=\toks16
\pgfkeys@temptoks=\toks17

(/maths/linuxlocal/AMD64/texlive/2017/texmf-dist/tex/generic/pgf/utilities/pgfk
eysfiltered.code.tex
\pgfkeys@tmptoks=\toks18
))
\pgf@x=\dimen107
\pgf@y=\dimen108
\pgf@xa=\dimen109
\pgf@ya=\dimen110
\pgf@xb=\dimen111
\pgf@yb=\dimen112
\pgf@xc=\dimen113
\pgf@yc=\dimen114
\w@pgf@writea=\write3
\r@pgf@reada=\read1
\c@pgf@counta=\count88
\c@pgf@countb=\count89
\c@pgf@countc=\count90
\c@pgf@countd=\count91
\t@pgf@toka=\toks19
\t@pgf@tokb=\toks20
\t@pgf@tokc=\toks21

(/maths/linuxlocal/AMD64/texlive/2017/texmf-dist/tex/generic/pgf/systemlayer/pg
f.cfg
File: pgf.cfg 2008/05/14  (rcs-revision 1.7)
)
Driver file for pgf: pgfsys-pdftex.def

(/maths/linuxlocal/AMD64/texlive/2017/texmf-dist/tex/generic/pgf/systemlayer/pg
fsys-pdftex.def
File: pgfsys-pdftex.def 2014/10/11  (rcs-revision 1.35)

(/maths/linuxlocal/AMD64/texlive/2017/texmf-dist/tex/generic/pgf/systemlayer/pg
fsys-common-pdf.def
File: pgfsys-common-pdf.def 2013/10/10  (rcs-revision 1.13)
)))
(/maths/linuxlocal/AMD64/texlive/2017/texmf-dist/tex/generic/pgf/systemlayer/pg
fsyssoftpath.code.tex
File: pgfsyssoftpath.code.tex 2013/09/09  (rcs-revision 1.9)
\pgfsyssoftpath@smallbuffer@items=\count92
\pgfsyssoftpath@bigbuffer@items=\count93
)
(/maths/linuxlocal/AMD64/texlive/2017/texmf-dist/tex/generic/pgf/systemlayer/pg
fsysprotocol.code.tex
File: pgfsysprotocol.code.tex 2006/10/16  (rcs-revision 1.4)
))
(/maths/linuxlocal/AMD64/texlive/2017/texmf-dist/tex/generic/pgf/basiclayer/pgf
core.code.tex
Package: pgfcore 2010/04/11 v3.0.1a (rcs-revision 1.7)

(/maths/linuxlocal/AMD64/texlive/2017/texmf-dist/tex/generic/pgf/math/pgfmath.c
ode.tex
(/maths/linuxlocal/AMD64/texlive/2017/texmf-dist/tex/generic/pgf/math/pgfmathca
lc.code.tex
(/maths/linuxlocal/AMD64/texlive/2017/texmf-dist/tex/generic/pgf/math/pgfmathut
il.code.tex)
(/maths/linuxlocal/AMD64/texlive/2017/texmf-dist/tex/generic/pgf/math/pgfmathpa
rser.code.tex
\pgfmath@dimen=\dimen115
\pgfmath@count=\count94
\pgfmath@box=\box27
\pgfmath@toks=\toks22
\pgfmath@stack@operand=\toks23
\pgfmath@stack@operation=\toks24
)
(/maths/linuxlocal/AMD64/texlive/2017/texmf-dist/tex/generic/pgf/math/pgfmathfu
nctions.code.tex
(/maths/linuxlocal/AMD64/texlive/2017/texmf-dist/tex/generic/pgf/math/pgfmathfu
nctions.basic.code.tex)
(/maths/linuxlocal/AMD64/texlive/2017/texmf-dist/tex/generic/pgf/math/pgfmathfu
nctions.trigonometric.code.tex)
(/maths/linuxlocal/AMD64/texlive/2017/texmf-dist/tex/generic/pgf/math/pgfmathfu
nctions.random.code.tex)
(/maths/linuxlocal/AMD64/texlive/2017/texmf-dist/tex/generic/pgf/math/pgfmathfu
nctions.comparison.code.tex)
(/maths/linuxlocal/AMD64/texlive/2017/texmf-dist/tex/generic/pgf/math/pgfmathfu
nctions.base.code.tex)
(/maths/linuxlocal/AMD64/texlive/2017/texmf-dist/tex/generic/pgf/math/pgfmathfu
nctions.round.code.tex)
(/maths/linuxlocal/AMD64/texlive/2017/texmf-dist/tex/generic/pgf/math/pgfmathfu
nctions.misc.code.tex)
(/maths/linuxlocal/AMD64/texlive/2017/texmf-dist/tex/generic/pgf/math/pgfmathfu
nctions.integerarithmetics.code.tex)))
(/maths/linuxlocal/AMD64/texlive/2017/texmf-dist/tex/generic/pgf/math/pgfmathfl
oat.code.tex
\c@pgfmathroundto@lastzeros=\count95
))
(/maths/linuxlocal/AMD64/texlive/2017/texmf-dist/tex/generic/pgf/basiclayer/pgf
corepoints.code.tex
File: pgfcorepoints.code.tex 2013/10/07  (rcs-revision 1.27)
\pgf@picminx=\dimen116
\pgf@picmaxx=\dimen117
\pgf@picminy=\dimen118
\pgf@picmaxy=\dimen119
\pgf@pathminx=\dimen120
\pgf@pathmaxx=\dimen121
\pgf@pathminy=\dimen122
\pgf@pathmaxy=\dimen123
\pgf@xx=\dimen124
\pgf@xy=\dimen125
\pgf@yx=\dimen126
\pgf@yy=\dimen127
\pgf@zx=\dimen128
\pgf@zy=\dimen129
)
(/maths/linuxlocal/AMD64/texlive/2017/texmf-dist/tex/generic/pgf/basiclayer/pgf
corepathconstruct.code.tex
File: pgfcorepathconstruct.code.tex 2013/10/07  (rcs-revision 1.29)
\pgf@path@lastx=\dimen130
\pgf@path@lasty=\dimen131
)
(/maths/linuxlocal/AMD64/texlive/2017/texmf-dist/tex/generic/pgf/basiclayer/pgf
corepathusage.code.tex
File: pgfcorepathusage.code.tex 2014/11/02  (rcs-revision 1.24)
\pgf@shorten@end@additional=\dimen132
\pgf@shorten@start@additional=\dimen133
)
(/maths/linuxlocal/AMD64/texlive/2017/texmf-dist/tex/generic/pgf/basiclayer/pgf
corescopes.code.tex
File: pgfcorescopes.code.tex 2015/05/08  (rcs-revision 1.46)
\pgfpic=\box28
\pgf@hbox=\box29
\pgf@layerbox@main=\box30
\pgf@picture@serial@count=\count96
)
(/maths/linuxlocal/AMD64/texlive/2017/texmf-dist/tex/generic/pgf/basiclayer/pgf
coregraphicstate.code.tex
File: pgfcoregraphicstate.code.tex 2014/11/02  (rcs-revision 1.12)
\pgflinewidth=\dimen134
)
(/maths/linuxlocal/AMD64/texlive/2017/texmf-dist/tex/generic/pgf/basiclayer/pgf
coretransformations.code.tex
File: pgfcoretransformations.code.tex 2015/08/07  (rcs-revision 1.20)
\pgf@pt@x=\dimen135
\pgf@pt@y=\dimen136
\pgf@pt@temp=\dimen137
)
(/maths/linuxlocal/AMD64/texlive/2017/texmf-dist/tex/generic/pgf/basiclayer/pgf
corequick.code.tex
File: pgfcorequick.code.tex 2008/10/09  (rcs-revision 1.3)
)
(/maths/linuxlocal/AMD64/texlive/2017/texmf-dist/tex/generic/pgf/basiclayer/pgf
coreobjects.code.tex
File: pgfcoreobjects.code.tex 2006/10/11  (rcs-revision 1.2)
)
(/maths/linuxlocal/AMD64/texlive/2017/texmf-dist/tex/generic/pgf/basiclayer/pgf
corepathprocessing.code.tex
File: pgfcorepathprocessing.code.tex 2013/09/09  (rcs-revision 1.9)
)
(/maths/linuxlocal/AMD64/texlive/2017/texmf-dist/tex/generic/pgf/basiclayer/pgf
corearrows.code.tex
File: pgfcorearrows.code.tex 2015/05/14  (rcs-revision 1.43)
\pgfarrowsep=\dimen138
)
(/maths/linuxlocal/AMD64/texlive/2017/texmf-dist/tex/generic/pgf/basiclayer/pgf
coreshade.code.tex
File: pgfcoreshade.code.tex 2013/07/15  (rcs-revision 1.15)
\pgf@max=\dimen139
\pgf@sys@shading@range@num=\count97
)
(/maths/linuxlocal/AMD64/texlive/2017/texmf-dist/tex/generic/pgf/basiclayer/pgf
coreimage.code.tex
File: pgfcoreimage.code.tex 2013/07/15  (rcs-revision 1.18)

(/maths/linuxlocal/AMD64/texlive/2017/texmf-dist/tex/generic/pgf/basiclayer/pgf
coreexternal.code.tex
File: pgfcoreexternal.code.tex 2014/07/09  (rcs-revision 1.21)
\pgfexternal@startupbox=\box31
))
(/maths/linuxlocal/AMD64/texlive/2017/texmf-dist/tex/generic/pgf/basiclayer/pgf
corelayers.code.tex
File: pgfcorelayers.code.tex 2013/07/18  (rcs-revision 1.7)
)
(/maths/linuxlocal/AMD64/texlive/2017/texmf-dist/tex/generic/pgf/basiclayer/pgf
coretransparency.code.tex
File: pgfcoretransparency.code.tex 2013/09/30  (rcs-revision 1.5)
)
(/maths/linuxlocal/AMD64/texlive/2017/texmf-dist/tex/generic/pgf/basiclayer/pgf
corepatterns.code.tex
File: pgfcorepatterns.code.tex 2013/11/07  (rcs-revision 1.5)
)))
(/maths/linuxlocal/AMD64/texlive/2017/texmf-dist/tex/generic/pgf/modules/pgfmod
uleshapes.code.tex
File: pgfmoduleshapes.code.tex 2014/03/21  (rcs-revision 1.35)
\pgfnodeparttextbox=\box32
)
(/maths/linuxlocal/AMD64/texlive/2017/texmf-dist/tex/generic/pgf/modules/pgfmod
uleplot.code.tex
File: pgfmoduleplot.code.tex 2015/08/03  (rcs-revision 1.13)
)
(/maths/linuxlocal/AMD64/texlive/2017/texmf-dist/tex/latex/pgf/compatibility/pg
fcomp-version-0-65.sty
Package: pgfcomp-version-0-65 2007/07/03 v3.0.1a (rcs-revision 1.7)
\pgf@nodesepstart=\dimen140
\pgf@nodesepend=\dimen141
)
(/maths/linuxlocal/AMD64/texlive/2017/texmf-dist/tex/latex/pgf/compatibility/pg
fcomp-version-1-18.sty
Package: pgfcomp-version-1-18 2007/07/23 v3.0.1a (rcs-revision 1.1)
))
(/maths/linuxlocal/AMD64/texlive/2017/texmf-dist/tex/latex/pgf/utilities/pgffor
.sty
(/maths/linuxlocal/AMD64/texlive/2017/texmf-dist/tex/latex/pgf/utilities/pgfkey
s.sty
(/maths/linuxlocal/AMD64/texlive/2017/texmf-dist/tex/generic/pgf/utilities/pgfk
eys.code.tex))
(/maths/linuxlocal/AMD64/texlive/2017/texmf-dist/tex/latex/pgf/math/pgfmath.sty

(/maths/linuxlocal/AMD64/texlive/2017/texmf-dist/tex/generic/pgf/math/pgfmath.c
ode.tex))
(/maths/linuxlocal/AMD64/texlive/2017/texmf-dist/tex/generic/pgf/utilities/pgff
or.code.tex
Package: pgffor 2013/12/13 v3.0.1a (rcs-revision 1.25)

(/maths/linuxlocal/AMD64/texlive/2017/texmf-dist/tex/generic/pgf/math/pgfmath.c
ode.tex)
\pgffor@iter=\dimen142
\pgffor@skip=\dimen143
\pgffor@stack=\toks25
\pgffor@toks=\toks26
))
(/maths/linuxlocal/AMD64/texlive/2017/texmf-dist/tex/generic/pgf/frontendlayer/
tikz/tikz.code.tex
Package: tikz 2015/08/07 v3.0.1a (rcs-revision 1.151)

(/maths/linuxlocal/AMD64/texlive/2017/texmf-dist/tex/generic/pgf/libraries/pgfl
ibraryplothandlers.code.tex
File: pgflibraryplothandlers.code.tex 2013/08/31 v3.0.1a (rcs-revision 1.20)
\pgf@plot@mark@count=\count98
\pgfplotmarksize=\dimen144
)
\tikz@lastx=\dimen145
\tikz@lasty=\dimen146
\tikz@lastxsaved=\dimen147
\tikz@lastysaved=\dimen148
\tikzleveldistance=\dimen149
\tikzsiblingdistance=\dimen150
\tikz@figbox=\box33
\tikz@figbox@bg=\box34
\tikz@tempbox=\box35
\tikz@tempbox@bg=\box36
\tikztreelevel=\count99
\tikznumberofchildren=\count100
\tikznumberofcurrentchild=\count101
\tikz@fig@count=\count102

(/maths/linuxlocal/AMD64/texlive/2017/texmf-dist/tex/generic/pgf/modules/pgfmod
ulematrix.code.tex
File: pgfmodulematrix.code.tex 2013/09/17  (rcs-revision 1.8)
\pgfmatrixcurrentrow=\count103
\pgfmatrixcurrentcolumn=\count104
\pgf@matrix@numberofcolumns=\count105
)
\tikz@expandcount=\count106

(/maths/linuxlocal/AMD64/texlive/2017/texmf-dist/tex/generic/pgf/frontendlayer/
tikz/libraries/tikzlibrarytopaths.code.tex
File: tikzlibrarytopaths.code.tex 2008/06/17 v3.0.1a (rcs-revision 1.2)
)))
(/maths/linuxlocal/AMD64/texlive/2017/texmf-dist/tex/latex/amsmath/amsmath.sty
Package: amsmath 2016/11/05 v2.16a AMS math features
\@mathmargin=\skip43

For additional information on amsmath, use the `?' option.
(/maths/linuxlocal/AMD64/texlive/2017/texmf-dist/tex/latex/amsmath/amstext.sty
Package: amstext 2000/06/29 v2.01 AMS text

(/maths/linuxlocal/AMD64/texlive/2017/texmf-dist/tex/latex/amsmath/amsgen.sty
File: amsgen.sty 1999/11/30 v2.0 generic functions
\@emptytoks=\toks27
\ex@=\dimen151
)) (/maths/linuxlocal/AMD64/texlive/2017/texmf-dist/tex/latex/amsmath/amsbsy.st
y
Package: amsbsy 1999/11/29 v1.2d Bold Symbols
\pmbraise@=\dimen152
) (/maths/linuxlocal/AMD64/texlive/2017/texmf-dist/tex/latex/amsmath/amsopn.sty
Package: amsopn 2016/03/08 v2.02 operator names
)
\inf@bad=\count107
LaTeX Info: Redefining \frac on input line 213.
\uproot@=\count108
\leftroot@=\count109
LaTeX Info: Redefining \overline on input line 375.
\classnum@=\count110
\DOTSCASE@=\count111
LaTeX Info: Redefining \ldots on input line 472.
LaTeX Info: Redefining \dots on input line 475.
LaTeX Info: Redefining \cdots on input line 596.
\Mathstrutbox@=\box37
\strutbox@=\box38
\big@size=\dimen153
LaTeX Font Info:    Redeclaring font encoding OML on input line 712.
LaTeX Font Info:    Redeclaring font encoding OMS on input line 713.
\macc@depth=\count112
\c@MaxMatrixCols=\count113
\dotsspace@=\muskip10
\c@parentequation=\count114
\dspbrk@lvl=\count115
\tag@help=\toks28
\row@=\count116
\column@=\count117
\maxfields@=\count118
\andhelp@=\toks29
\eqnshift@=\dimen154
\alignsep@=\dimen155
\tagshift@=\dimen156
\tagwidth@=\dimen157
\totwidth@=\dimen158
\lineht@=\dimen159
\@envbody=\toks30
\multlinegap=\skip44
\multlinetaggap=\skip45
\mathdisplay@stack=\toks31
LaTeX Info: Redefining \[ on input line 2817.
LaTeX Info: Redefining \] on input line 2818.
)
(/maths/linuxlocal/AMD64/texlive/2017/texmf-dist/tex/latex/amsfonts/amssymb.sty
Package: amssymb 2013/01/14 v3.01 AMS font symbols

(/maths/linuxlocal/AMD64/texlive/2017/texmf-dist/tex/latex/amsfonts/amsfonts.st
y
Package: amsfonts 2013/01/14 v3.01 Basic AMSFonts support
\symAMSa=\mathgroup4
\symAMSb=\mathgroup5
LaTeX Font Info:    Overwriting math alphabet `\mathfrak' in version `bold'
(Font)                  U/euf/m/n --> U/euf/b/n on input line 106.
))
(/maths/linuxlocal/AMD64/texlive/2017/texmf-dist/tex/latex/amscls/amsthm.sty
Package: amsthm 2015/03/04 v2.20.2
\thm@style=\toks32
\thm@bodyfont=\toks33
\thm@headfont=\toks34
\thm@notefont=\toks35
\thm@headpunct=\toks36
\thm@preskip=\skip46
\thm@postskip=\skip47
\thm@headsep=\skip48
\dth@everypar=\toks37
)
(/maths/linuxlocal/AMD64/texlive/2017/texmf-dist/tex/latex/mathtools/mathtools.
sty
Package: mathtools 2015/11/12 v1.18 mathematical typesetting tools
 (/maths/linuxlocal/AMD64/texlive/2017/texmf-dist/tex/latex/tools/calc.sty
Package: calc 2014/10/28 v4.3 Infix arithmetic (KKT,FJ)
\calc@Acount=\count119
\calc@Bcount=\count120
\calc@Adimen=\dimen160
\calc@Bdimen=\dimen161
\calc@Askip=\skip49
\calc@Bskip=\skip50
LaTeX Info: Redefining \setlength on input line 80.
LaTeX Info: Redefining \addtolength on input line 81.
\calc@Ccount=\count121
\calc@Cskip=\skip51
)
(/maths/linuxlocal/AMD64/texlive/2017/texmf-dist/tex/latex/mathtools/mhsetup.st
y
Package: mhsetup 2010/01/21 v1.2a programming setup (MH)
)
LaTeX Info: Thecontrolsequence`\('isalreadyrobust on input line 129.
LaTeX Info: Thecontrolsequence`\)'isalreadyrobust on input line 129.
LaTeX Info: Thecontrolsequence`\['isalreadyrobust on input line 129.
LaTeX Info: Thecontrolsequence`\]'isalreadyrobust on input line 129.
\g_MT_multlinerow_int=\count122
\l_MT_multwidth_dim=\dimen162
\origjot=\skip52
\l_MT_shortvdotswithinadjustabove_dim=\dimen163
\l_MT_shortvdotswithinadjustbelow_dim=\dimen164
\l_MT_above_intertext_sep=\dimen165
\l_MT_below_intertext_sep=\dimen166
\l_MT_above_shortintertext_sep=\dimen167
\l_MT_below_shortintertext_sep=\dimen168
)
(/maths/linuxlocal/AMD64/texlive/2017/texmf-dist/tex/latex/wrapfig/wrapfig.sty
\wrapoverhang=\dimen169
\WF@size=\dimen170
\c@WF@wrappedlines=\count123
\WF@box=\box39
\WF@everypar=\toks38
Package: wrapfig 2003/01/31  v 3.6
)
(/maths/linuxlocal/AMD64/texlive/2017/texmf-dist/tex/latex/multirow/multirow.st
y
Package: multirow 2016/11/25 v2.2 Span multiple rows of a table
\multirow@colwidth=\skip53
\multirow@cntb=\count124
\multirow@dima=\skip54
\bigstrutjot=\dimen171
)
(/maths/linuxlocal/AMD64/texlive/2017/texmf-dist/tex/latex/comment/comment.sty
\CommentStream=\write4

Excluding comment 'comment')
(/maths/linuxlocal/AMD64/texlive/2017/texmf-dist/tex/latex/natbib/natbib.sty
Package: natbib 2010/09/13 8.31b (PWD, AO)
\bibhang=\skip55
\bibsep=\skip56
LaTeX Info: Redefining \cite on input line 694.
\c@NAT@ctr=\count125
)
(/maths/linuxlocal/AMD64/texlive/2017/texmf-dist/tex/latex/appendix/appendix.st
y
Package: appendix 2009/09/02 v1.2b extra appendix facilities
\c@@pps=\count126
\c@@ppsavesec=\count127
\c@@ppsaveapp=\count128
)
(/maths/linuxlocal/AMD64/texlive/2017/texmf-dist/tex/latex/enumitem/enumitem.st
y
Package: enumitem 2011/09/28 v3.5.2 Customized lists
\labelindent=\skip57
\enit@outerparindent=\dimen172
\enit@toks=\toks39
\enit@inbox=\box40
\enitdp@description=\count129
)
(/maths/linuxlocal/AMD64/texlive/2017/texmf-dist/tex/latex/caption/newfloat.sty
Package: newfloat 2015/09/17 v1.1-109 Defining new floating environments (AR)
)
(/maths/linuxlocal/AMD64/texlive/2017/texmf-dist/tex/latex/caption/subcaption.s
ty
Package: subcaption 2016/05/22 v1.1-161 Sub-captions (AR)

(/maths/linuxlocal/AMD64/texlive/2017/texmf-dist/tex/latex/caption/caption.sty
Package: caption 2016/02/21 v3.3-144 Customizing captions (AR)

(/maths/linuxlocal/AMD64/texlive/2017/texmf-dist/tex/latex/caption/caption3.sty
Package: caption3 2016/05/22 v1.7-166 caption3 kernel (AR)
Package caption3 Info: TeX engine: e-TeX on input line 67.
\captionmargin=\dimen173
\captionmargin@=\dimen174
\captionwidth=\dimen175
\caption@tempdima=\dimen176
\caption@indent=\dimen177
\caption@parindent=\dimen178
\caption@hangindent=\dimen179
)
\c@ContinuedFloat=\count130
Package caption Info: wrapfig package is loaded.
)
\c@subfigure=\count131
\c@subtable=\count132
)
(/maths/linuxlocal/AMD64/texlive/2017/texmf-dist/tex/latex/base/inputenc.sty
Package: inputenc 2015/03/17 v1.2c Input encoding file
\inpenc@prehook=\toks40
\inpenc@posthook=\toks41

(/maths/linuxlocal/AMD64/texlive/2017/texmf-dist/tex/latex/base/utf8.def
File: utf8.def 2017/01/28 v1.1t UTF-8 support for inputenc
Now handling font encoding OML ...
... no UTF-8 mapping file for font encoding OML
Now handling font encoding T1 ...
... processing UTF-8 mapping file for font encoding T1

(/maths/linuxlocal/AMD64/texlive/2017/texmf-dist/tex/latex/base/t1enc.dfu
File: t1enc.dfu 2017/01/28 v1.1t UTF-8 support for inputenc
   defining Unicode char U+00A0 (decimal 160)
   defining Unicode char U+00A1 (decimal 161)
   defining Unicode char U+00A3 (decimal 163)
   defining Unicode char U+00AB (decimal 171)
   defining Unicode char U+00AD (decimal 173)
   defining Unicode char U+00BB (decimal 187)
   defining Unicode char U+00BF (decimal 191)
   defining Unicode char U+00C0 (decimal 192)
   defining Unicode char U+00C1 (decimal 193)
   defining Unicode char U+00C2 (decimal 194)
   defining Unicode char U+00C3 (decimal 195)
   defining Unicode char U+00C4 (decimal 196)
   defining Unicode char U+00C5 (decimal 197)
   defining Unicode char U+00C6 (decimal 198)
   defining Unicode char U+00C7 (decimal 199)
   defining Unicode char U+00C8 (decimal 200)
   defining Unicode char U+00C9 (decimal 201)
   defining Unicode char U+00CA (decimal 202)
   defining Unicode char U+00CB (decimal 203)
   defining Unicode char U+00CC (decimal 204)
   defining Unicode char U+00CD (decimal 205)
   defining Unicode char U+00CE (decimal 206)
   defining Unicode char U+00CF (decimal 207)
   defining Unicode char U+00D0 (decimal 208)
   defining Unicode char U+00D1 (decimal 209)
   defining Unicode char U+00D2 (decimal 210)
   defining Unicode char U+00D3 (decimal 211)
   defining Unicode char U+00D4 (decimal 212)
   defining Unicode char U+00D5 (decimal 213)
   defining Unicode char U+00D6 (decimal 214)
   defining Unicode char U+00D8 (decimal 216)
   defining Unicode char U+00D9 (decimal 217)
   defining Unicode char U+00DA (decimal 218)
   defining Unicode char U+00DB (decimal 219)
   defining Unicode char U+00DC (decimal 220)
   defining Unicode char U+00DD (decimal 221)
   defining Unicode char U+00DE (decimal 222)
   defining Unicode char U+00DF (decimal 223)
   defining Unicode char U+00E0 (decimal 224)
   defining Unicode char U+00E1 (decimal 225)
   defining Unicode char U+00E2 (decimal 226)
   defining Unicode char U+00E3 (decimal 227)
   defining Unicode char U+00E4 (decimal 228)
   defining Unicode char U+00E5 (decimal 229)
   defining Unicode char U+00E6 (decimal 230)
   defining Unicode char U+00E7 (decimal 231)
   defining Unicode char U+00E8 (decimal 232)
   defining Unicode char U+00E9 (decimal 233)
   defining Unicode char U+00EA (decimal 234)
   defining Unicode char U+00EB (decimal 235)
   defining Unicode char U+00EC (decimal 236)
   defining Unicode char U+00ED (decimal 237)
   defining Unicode char U+00EE (decimal 238)
   defining Unicode char U+00EF (decimal 239)
   defining Unicode char U+00F0 (decimal 240)
   defining Unicode char U+00F1 (decimal 241)
   defining Unicode char U+00F2 (decimal 242)
   defining Unicode char U+00F3 (decimal 243)
   defining Unicode char U+00F4 (decimal 244)
   defining Unicode char U+00F5 (decimal 245)
   defining Unicode char U+00F6 (decimal 246)
   defining Unicode char U+00F8 (decimal 248)
   defining Unicode char U+00F9 (decimal 249)
   defining Unicode char U+00FA (decimal 250)
   defining Unicode char U+00FB (decimal 251)
   defining Unicode char U+00FC (decimal 252)
   defining Unicode char U+00FD (decimal 253)
   defining Unicode char U+00FE (decimal 254)
   defining Unicode char U+00FF (decimal 255)
   defining Unicode char U+0100 (decimal 256)
   defining Unicode char U+0101 (decimal 257)
   defining Unicode char U+0102 (decimal 258)
   defining Unicode char U+0103 (decimal 259)
   defining Unicode char U+0104 (decimal 260)
   defining Unicode char U+0105 (decimal 261)
   defining Unicode char U+0106 (decimal 262)
   defining Unicode char U+0107 (decimal 263)
   defining Unicode char U+0108 (decimal 264)
   defining Unicode char U+0109 (decimal 265)
   defining Unicode char U+010A (decimal 266)
   defining Unicode char U+010B (decimal 267)
   defining Unicode char U+010C (decimal 268)
   defining Unicode char U+010D (decimal 269)
   defining Unicode char U+010E (decimal 270)
   defining Unicode char U+010F (decimal 271)
   defining Unicode char U+0110 (decimal 272)
   defining Unicode char U+0111 (decimal 273)
   defining Unicode char U+0112 (decimal 274)
   defining Unicode char U+0113 (decimal 275)
   defining Unicode char U+0114 (decimal 276)
   defining Unicode char U+0115 (decimal 277)
   defining Unicode char U+0116 (decimal 278)
   defining Unicode char U+0117 (decimal 279)
   defining Unicode char U+0118 (decimal 280)
   defining Unicode char U+0119 (decimal 281)
   defining Unicode char U+011A (decimal 282)
   defining Unicode char U+011B (decimal 283)
   defining Unicode char U+011C (decimal 284)
   defining Unicode char U+011D (decimal 285)
   defining Unicode char U+011E (decimal 286)
   defining Unicode char U+011F (decimal 287)
   defining Unicode char U+0120 (decimal 288)
   defining Unicode char U+0121 (decimal 289)
   defining Unicode char U+0122 (decimal 290)
   defining Unicode char U+0123 (decimal 291)
   defining Unicode char U+0124 (decimal 292)
   defining Unicode char U+0125 (decimal 293)
   defining Unicode char U+0128 (decimal 296)
   defining Unicode char U+0129 (decimal 297)
   defining Unicode char U+012A (decimal 298)
   defining Unicode char U+012B (decimal 299)
   defining Unicode char U+012C (decimal 300)
   defining Unicode char U+012D (decimal 301)
   defining Unicode char U+012E (decimal 302)
   defining Unicode char U+012F (decimal 303)
   defining Unicode char U+0130 (decimal 304)
   defining Unicode char U+0131 (decimal 305)
   defining Unicode char U+0132 (decimal 306)
   defining Unicode char U+0133 (decimal 307)
   defining Unicode char U+0134 (decimal 308)
   defining Unicode char U+0135 (decimal 309)
   defining Unicode char U+0136 (decimal 310)
   defining Unicode char U+0137 (decimal 311)
   defining Unicode char U+0139 (decimal 313)
   defining Unicode char U+013A (decimal 314)
   defining Unicode char U+013B (decimal 315)
   defining Unicode char U+013C (decimal 316)
   defining Unicode char U+013D (decimal 317)
   defining Unicode char U+013E (decimal 318)
   defining Unicode char U+0141 (decimal 321)
   defining Unicode char U+0142 (decimal 322)
   defining Unicode char U+0143 (decimal 323)
   defining Unicode char U+0144 (decimal 324)
   defining Unicode char U+0145 (decimal 325)
   defining Unicode char U+0146 (decimal 326)
   defining Unicode char U+0147 (decimal 327)
   defining Unicode char U+0148 (decimal 328)
   defining Unicode char U+014A (decimal 330)
   defining Unicode char U+014B (decimal 331)
   defining Unicode char U+014C (decimal 332)
   defining Unicode char U+014D (decimal 333)
   defining Unicode char U+014E (decimal 334)
   defining Unicode char U+014F (decimal 335)
   defining Unicode char U+0150 (decimal 336)
   defining Unicode char U+0151 (decimal 337)
   defining Unicode char U+0152 (decimal 338)
   defining Unicode char U+0153 (decimal 339)
   defining Unicode char U+0154 (decimal 340)
   defining Unicode char U+0155 (decimal 341)
   defining Unicode char U+0156 (decimal 342)
   defining Unicode char U+0157 (decimal 343)
   defining Unicode char U+0158 (decimal 344)
   defining Unicode char U+0159 (decimal 345)
   defining Unicode char U+015A (decimal 346)
   defining Unicode char U+015B (decimal 347)
   defining Unicode char U+015C (decimal 348)
   defining Unicode char U+015D (decimal 349)
   defining Unicode char U+015E (decimal 350)
   defining Unicode char U+015F (decimal 351)
   defining Unicode char U+0160 (decimal 352)
   defining Unicode char U+0161 (decimal 353)
   defining Unicode char U+0162 (decimal 354)
   defining Unicode char U+0163 (decimal 355)
   defining Unicode char U+0164 (decimal 356)
   defining Unicode char U+0165 (decimal 357)
   defining Unicode char U+0168 (decimal 360)
   defining Unicode char U+0169 (decimal 361)
   defining Unicode char U+016A (decimal 362)
   defining Unicode char U+016B (decimal 363)
   defining Unicode char U+016C (decimal 364)
   defining Unicode char U+016D (decimal 365)
   defining Unicode char U+016E (decimal 366)
   defining Unicode char U+016F (decimal 367)
   defining Unicode char U+0170 (decimal 368)
   defining Unicode char U+0171 (decimal 369)
   defining Unicode char U+0172 (decimal 370)
   defining Unicode char U+0173 (decimal 371)
   defining Unicode char U+0174 (decimal 372)
   defining Unicode char U+0175 (decimal 373)
   defining Unicode char U+0176 (decimal 374)
   defining Unicode char U+0177 (decimal 375)
   defining Unicode char U+0178 (decimal 376)
   defining Unicode char U+0179 (decimal 377)
   defining Unicode char U+017A (decimal 378)
   defining Unicode char U+017B (decimal 379)
   defining Unicode char U+017C (decimal 380)
   defining Unicode char U+017D (decimal 381)
   defining Unicode char U+017E (decimal 382)
   defining Unicode char U+01CD (decimal 461)
   defining Unicode char U+01CE (decimal 462)
   defining Unicode char U+01CF (decimal 463)
   defining Unicode char U+01D0 (decimal 464)
   defining Unicode char U+01D1 (decimal 465)
   defining Unicode char U+01D2 (decimal 466)
   defining Unicode char U+01D3 (decimal 467)
   defining Unicode char U+01D4 (decimal 468)
   defining Unicode char U+01E2 (decimal 482)
   defining Unicode char U+01E3 (decimal 483)
   defining Unicode char U+01E6 (decimal 486)
   defining Unicode char U+01E7 (decimal 487)
   defining Unicode char U+01E8 (decimal 488)
   defining Unicode char U+01E9 (decimal 489)
   defining Unicode char U+01EA (decimal 490)
   defining Unicode char U+01EB (decimal 491)
   defining Unicode char U+01F0 (decimal 496)
   defining Unicode char U+01F4 (decimal 500)
   defining Unicode char U+01F5 (decimal 501)
   defining Unicode char U+0218 (decimal 536)
   defining Unicode char U+0219 (decimal 537)
   defining Unicode char U+021A (decimal 538)
   defining Unicode char U+021B (decimal 539)
   defining Unicode char U+0232 (decimal 562)
   defining Unicode char U+0233 (decimal 563)
   defining Unicode char U+1E02 (decimal 7682)
   defining Unicode char U+1E03 (decimal 7683)
   defining Unicode char U+200C (decimal 8204)
   defining Unicode char U+2010 (decimal 8208)
   defining Unicode char U+2011 (decimal 8209)
   defining Unicode char U+2012 (decimal 8210)
   defining Unicode char U+2013 (decimal 8211)
   defining Unicode char U+2014 (decimal 8212)
   defining Unicode char U+2015 (decimal 8213)
   defining Unicode char U+2018 (decimal 8216)
   defining Unicode char U+2019 (decimal 8217)
   defining Unicode char U+201A (decimal 8218)
   defining Unicode char U+201C (decimal 8220)
   defining Unicode char U+201D (decimal 8221)
   defining Unicode char U+201E (decimal 8222)
   defining Unicode char U+2030 (decimal 8240)
   defining Unicode char U+2031 (decimal 8241)
   defining Unicode char U+2039 (decimal 8249)
   defining Unicode char U+203A (decimal 8250)
   defining Unicode char U+2423 (decimal 9251)
   defining Unicode char U+1E20 (decimal 7712)
   defining Unicode char U+1E21 (decimal 7713)
)
Now handling font encoding OT1 ...
... processing UTF-8 mapping file for font encoding OT1

(/maths/linuxlocal/AMD64/texlive/2017/texmf-dist/tex/latex/base/ot1enc.dfu
File: ot1enc.dfu 2017/01/28 v1.1t UTF-8 support for inputenc
   defining Unicode char U+00A0 (decimal 160)
   defining Unicode char U+00A1 (decimal 161)
   defining Unicode char U+00A3 (decimal 163)
   defining Unicode char U+00AD (decimal 173)
   defining Unicode char U+00B8 (decimal 184)
   defining Unicode char U+00BF (decimal 191)
   defining Unicode char U+00C5 (decimal 197)
   defining Unicode char U+00C6 (decimal 198)
   defining Unicode char U+00D8 (decimal 216)
   defining Unicode char U+00DF (decimal 223)
   defining Unicode char U+00E6 (decimal 230)
   defining Unicode char U+00EC (decimal 236)
   defining Unicode char U+00ED (decimal 237)
   defining Unicode char U+00EE (decimal 238)
   defining Unicode char U+00EF (decimal 239)
   defining Unicode char U+00F8 (decimal 248)
   defining Unicode char U+0131 (decimal 305)
   defining Unicode char U+0141 (decimal 321)
   defining Unicode char U+0142 (decimal 322)
   defining Unicode char U+0152 (decimal 338)
   defining Unicode char U+0153 (decimal 339)
   defining Unicode char U+0174 (decimal 372)
   defining Unicode char U+0175 (decimal 373)
   defining Unicode char U+0176 (decimal 374)
   defining Unicode char U+0177 (decimal 375)
   defining Unicode char U+0218 (decimal 536)
   defining Unicode char U+0219 (decimal 537)
   defining Unicode char U+021A (decimal 538)
   defining Unicode char U+021B (decimal 539)
   defining Unicode char U+2013 (decimal 8211)
   defining Unicode char U+2014 (decimal 8212)
   defining Unicode char U+2018 (decimal 8216)
   defining Unicode char U+2019 (decimal 8217)
   defining Unicode char U+201C (decimal 8220)
   defining Unicode char U+201D (decimal 8221)
)
Now handling font encoding OMS ...
... processing UTF-8 mapping file for font encoding OMS

(/maths/linuxlocal/AMD64/texlive/2017/texmf-dist/tex/latex/base/omsenc.dfu
File: omsenc.dfu 2017/01/28 v1.1t UTF-8 support for inputenc
   defining Unicode char U+00A7 (decimal 167)
   defining Unicode char U+00B6 (decimal 182)
   defining Unicode char U+00B7 (decimal 183)
   defining Unicode char U+2020 (decimal 8224)
   defining Unicode char U+2021 (decimal 8225)
   defining Unicode char U+2022 (decimal 8226)
)
Now handling font encoding OMX ...
... no UTF-8 mapping file for font encoding OMX
Now handling font encoding U ...
... no UTF-8 mapping file for font encoding U
   defining Unicode char U+00A9 (decimal 169)
   defining Unicode char U+00AA (decimal 170)
   defining Unicode char U+00AE (decimal 174)
   defining Unicode char U+00BA (decimal 186)
   defining Unicode char U+02C6 (decimal 710)
   defining Unicode char U+02DC (decimal 732)
   defining Unicode char U+200C (decimal 8204)
   defining Unicode char U+2026 (decimal 8230)
   defining Unicode char U+2122 (decimal 8482)
   defining Unicode char U+2423 (decimal 9251)
))
(/maths/linuxlocal/AMD64/texlive/2017/texmf-dist/tex/latex/floatrow/floatrow.st
y
Package: floatrow 2008/08/02 v0.3b floatrow: float package extension
\c@float@type=\count133
\float@exts=\toks42
\float@box=\box41
\@floatcapt=\box42
Package floatrow Info: Modified float package code loaded on input line 455.
Package floatrow Info: Modified rotfloat package code loaded on input line 473.

\FR@everyfloat=\toks43
\flrow@foot=\insert199
\FB@wd=\dimen180
\FBo@wd=\dimen181
\FBc@wd=\dimen182
\FBo@ht=\skip58
\FBc@ht=\skip59
\FBf@ht=\skip60
\FBo@max=\skip61
\FBc@max=\skip62
\FBf@max=\skip63
\c@FBl@b=\count134
\floatbox@depth=\count135
\c@FRobj=\count136
\c@FRsobj=\count137
\Xhsize=\skip64
\sXhsize=\skip65
\Zhsize=\skip66
\sZhsize=\skip67
\flrow@rowbox=\box43
\FR@Zunitlength=\dimen183
\c@FBcnt=\count138
\FPOScnt=\count139
\LTleft=\skip68
\LTright=\skip69
\LTleft=\skip70
\LTright=\skip71
\flrow@types=\toks44
) (/maths/linuxlocal/AMD64/texlive/2017/texmf-dist/tex/latex/tools/bm.sty
Package: bm 2017/01/16 v1.2c Bold Symbol Support (DPC/FMi)
\symboldoperators=\mathgroup6
\symboldletters=\mathgroup7
\symboldsymbols=\mathgroup8
LaTeX Font Info:    Redeclaring math alphabet \mathbf on input line 141.
LaTeX Info: Redefining \bm on input line 207.
)
(/maths/linuxlocal/AMD64/texlive/2017/texmf-dist/tex/latex/hyperref/hyperref.st
y
Package: hyperref 2017/03/14 v6.85a Hypertext links for LaTeX

(/maths/linuxlocal/AMD64/texlive/2017/texmf-dist/tex/generic/oberdiek/hobsub-hy
perref.sty
Package: hobsub-hyperref 2016/05/16 v1.14 Bundle oberdiek, subset hyperref (HO)


(/maths/linuxlocal/AMD64/texlive/2017/texmf-dist/tex/generic/oberdiek/hobsub-ge
neric.sty
Package: hobsub-generic 2016/05/16 v1.14 Bundle oberdiek, subset generic (HO)
Package: hobsub 2016/05/16 v1.14 Construct package bundles (HO)
Package hobsub Info: Skipping package `infwarerr' (already loaded).
Package hobsub Info: Skipping package `ltxcmds' (already loaded).
Package: ifluatex 2016/05/16 v1.4 Provides the ifluatex switch (HO)
Package ifluatex Info: LuaTeX not detected.
Package: ifvtex 2016/05/16 v1.6 Detect VTeX and its facilities (HO)
Package ifvtex Info: VTeX not detected.
Package: intcalc 2016/05/16 v1.2 Expandable calculations with integers (HO)
Package: ifpdf 2017/03/15 v3.2 Provides the ifpdf switch
Package: etexcmds 2016/05/16 v1.6 Avoid name clashes with e-TeX commands (HO)
Package etexcmds Info: Could not find \expanded.
(etexcmds)             That can mean that you are not using pdfTeX 1.50 or
(etexcmds)             that some package has redefined \expanded.
(etexcmds)             In the latter case, load this package earlier.
Package: kvsetkeys 2016/05/16 v1.17 Key value parser (HO)
Package: kvdefinekeys 2016/05/16 v1.4 Define keys (HO)
Package: pdftexcmds 2017/03/19 v0.25 Utility functions of pdfTeX for LuaTeX (HO
)
Package pdftexcmds Info: LuaTeX not detected.
Package pdftexcmds Info: \pdf@primitive is available.
Package pdftexcmds Info: \pdf@ifprimitive is available.
Package pdftexcmds Info: \pdfdraftmode found.
Package: pdfescape 2016/05/16 v1.14 Implements pdfTeX's escape features (HO)
Package: bigintcalc 2016/05/16 v1.4 Expandable calculations on big integers (HO
)
Package: bitset 2016/05/16 v1.2 Handle bit-vector datatype (HO)
Package: uniquecounter 2016/05/16 v1.3 Provide unlimited unique counter (HO)
)
Package hobsub Info: Skipping package `hobsub' (already loaded).
Package: letltxmacro 2016/05/16 v1.5 Let assignment for LaTeX macros (HO)
Package: hopatch 2016/05/16 v1.3 Wrapper for package hooks (HO)
Package: xcolor-patch 2016/05/16 xcolor patch
Package: atveryend 2016/05/16 v1.9 Hooks at the very end of document (HO)
Package atveryend Info: \enddocument detected (standard20110627).
Package: atbegshi 2016/06/09 v1.18 At begin shipout hook (HO)
Package: refcount 2016/05/16 v3.5 Data extraction from label references (HO)
Package: hycolor 2016/05/16 v1.8 Color options for hyperref/bookmark (HO)
)
(/maths/linuxlocal/AMD64/texlive/2017/texmf-dist/tex/generic/ifxetex/ifxetex.st
y
Package: ifxetex 2010/09/12 v0.6 Provides ifxetex conditional
)
(/maths/linuxlocal/AMD64/texlive/2017/texmf-dist/tex/latex/oberdiek/auxhook.sty
Package: auxhook 2016/05/16 v1.4 Hooks for auxiliary files (HO)
)
(/maths/linuxlocal/AMD64/texlive/2017/texmf-dist/tex/latex/oberdiek/kvoptions.s
ty
Package: kvoptions 2016/05/16 v3.12 Key value format for package options (HO)
)
\@linkdim=\dimen184
\Hy@linkcounter=\count140
\Hy@pagecounter=\count141

(/maths/linuxlocal/AMD64/texlive/2017/texmf-dist/tex/latex/hyperref/pd1enc.def
File: pd1enc.def 2017/03/14 v6.85a Hyperref: PDFDocEncoding definition (HO)
Now handling font encoding PD1 ...
... no UTF-8 mapping file for font encoding PD1
)
\Hy@SavedSpaceFactor=\count142

(/maths/linuxlocal/AMD64/texlive/2017/texmf-dist/tex/latex/latexconfig/hyperref
.cfg
File: hyperref.cfg 2002/06/06 v1.2 hyperref configuration of TeXLive
)
Package hyperref Info: Hyper figures OFF on input line 4498.
Package hyperref Info: Link nesting OFF on input line 4503.
Package hyperref Info: Hyper index ON on input line 4506.
Package hyperref Info: Plain pages OFF on input line 4513.
Package hyperref Info: Backreferencing OFF on input line 4518.
Package hyperref Info: Implicit mode ON; LaTeX internals redefined.
Package hyperref Info: Bookmarks ON on input line 4751.
\c@Hy@tempcnt=\count143
 (/maths/linuxlocal/AMD64/texlive/2017/texmf-dist/tex/latex/url/url.sty
\Urlmuskip=\muskip11
Package: url 2013/09/16  ver 3.4  Verb mode for urls, etc.
)
LaTeX Info: Redefining \url on input line 5104.
\XeTeXLinkMargin=\dimen185
\Fld@menulength=\count144
\Field@Width=\dimen186
\Fld@charsize=\dimen187
Package hyperref Info: Hyper figures OFF on input line 6358.
Package hyperref Info: Link nesting OFF on input line 6363.
Package hyperref Info: Hyper index ON on input line 6366.
Package hyperref Info: backreferencing OFF on input line 6373.
Package hyperref Info: Link coloring OFF on input line 6378.
Package hyperref Info: Link coloring with OCG OFF on input line 6383.
Package hyperref Info: PDF/A mode OFF on input line 6388.
LaTeX Info: Redefining \ref on input line 6428.
LaTeX Info: Redefining \pageref on input line 6432.
\Hy@abspage=\count145
\c@Item=\count146
\c@Hfootnote=\count147
)

Package hyperref Message: Driver (autodetected): hpdftex.


(/maths/linuxlocal/AMD64/texlive/2017/texmf-dist/tex/latex/hyperref/hpdftex.def
File: hpdftex.def 2017/03/14 v6.85a Hyperref driver for pdfTeX
\Fld@listcount=\count148
\c@bookmark@seq@number=\count149

(/maths/linuxlocal/AMD64/texlive/2017/texmf-dist/tex/latex/oberdiek/rerunfilech
eck.sty
Package: rerunfilecheck 2016/05/16 v1.8 Rerun checks for auxiliary files (HO)
Package uniquecounter Info: New unique counter `rerunfilecheck' on input line 2
82.
)
\Hy@SectionHShift=\skip72
)
(/maths/linuxlocal/AMD64/texlive/2017/texmf-dist/tex/latex/tcolorbox/tcolorbox.
sty
Package: tcolorbox 2017/04/25 version 4.03 text color boxes

(/maths/linuxlocal/AMD64/texlive/2017/texmf-dist/tex/latex/tools/verbatim.sty
Package: verbatim 2014/10/28 v1.5q LaTeX2e package for verbatim enhancements
\every@verbatim=\toks45
\verbatim@line=\toks46
\verbatim@in@stream=\read2
)
(/maths/linuxlocal/AMD64/texlive/2017/texmf-dist/tex/latex/environ/environ.sty
Package: environ 2014/05/04 v0.3 A new way to define environments

(/maths/linuxlocal/AMD64/texlive/2017/texmf-dist/tex/latex/trimspaces/trimspace
s.sty
Package: trimspaces 2009/09/17 v1.1 Trim spaces around a token list
))
(/maths/linuxlocal/AMD64/texlive/2017/texmf-dist/tex/latex/etoolbox/etoolbox.st
y
Package: etoolbox 2017/01/02 v2.4 e-TeX tools for LaTeX (JAW)
\etb@tempcnta=\count150
)
\tcb@titlebox=\box44
\tcb@upperbox=\box45
\tcb@lowerbox=\box46
\tcb@phantombox=\box47
\c@tcbbreakpart=\count151
\c@tcblayer=\count152
\tcolorbox@number=\count153
\tcb@temp=\box48
\tcb@temp=\box49
\tcb@temp=\box50
\tcb@temp=\box51
\tcb@out=\write5
\tcb@record@out=\write6
)
(/maths/linuxlocal/AMD64/texlive/2017/texmf-dist/tex/latex/chngcntr/chngcntr.st
y
Package: chngcntr 2009/09/02 v1.0a change counter resetting
)
(/maths/linuxlocal/AMD64/texlive/2017/texmf-dist/tex/generic/pgf/frontendlayer/
tikz/libraries/tikzlibrarycalc.code.tex
File: tikzlibrarycalc.code.tex 2013/07/15 v3.0.1a (rcs-revision 1.9)
)
(/maths/linuxlocal/AMD64/texlive/2017/texmf-dist/tex/generic/pgf/frontendlayer/
tikz/libraries/tikzlibraryfit.code.tex
File: tikzlibraryfit.code.tex 2013/07/12 v3.0.1a (rcs-revision 1.5)
)
(/maths/linuxlocal/AMD64/texlive/2017/texmf-dist/tex/generic/pgf/frontendlayer/
tikz/libraries/tikzlibrarydecorations.shapes.code.tex
(/maths/linuxlocal/AMD64/texlive/2017/texmf-dist/tex/generic/pgf/frontendlayer/
tikz/libraries/tikzlibrarydecorations.code.tex
(/maths/linuxlocal/AMD64/texlive/2017/texmf-dist/tex/generic/pgf/modules/pgfmod
uledecorations.code.tex
\pgfdecoratedcompleteddistance=\dimen188
\pgfdecoratedremainingdistance=\dimen189
\pgfdecoratedinputsegmentcompleteddistance=\dimen190
\pgfdecoratedinputsegmentremainingdistance=\dimen191
\pgf@decorate@distancetomove=\dimen192
\pgf@decorate@repeatstate=\count154
\pgfdecorationsegmentamplitude=\dimen193
\pgfdecorationsegmentlength=\dimen194
)
\tikz@lib@dec@box=\box52
)
(/maths/linuxlocal/AMD64/texlive/2017/texmf-dist/tex/generic/pgf/libraries/deco
rations/pgflibrarydecorations.shapes.code.tex))
(/maths/linuxlocal/AMD64/texlive/2017/texmf-dist/tex/generic/pgf/frontendlayer/
tikz/libraries/tikzlibraryshapes.misc.code.tex
File: tikzlibraryshapes.misc.code.tex 2008/01/09 v3.0.1a (rcs-revision 1.1)

(/maths/linuxlocal/AMD64/texlive/2017/texmf-dist/tex/generic/pgf/libraries/shap
es/pgflibraryshapes.misc.code.tex
File: pgflibraryshapes.misc.code.tex 2013/07/18 v3.0.1a (rcs-revision 1.5)
))
(/maths/linuxlocal/AMD64/texlive/2017/texmf-dist/tex/generic/pgf/frontendlayer/
tikz/libraries/tikzlibrarypositioning.code.tex
File: tikzlibrarypositioning.code.tex 2008/10/06 v3.0.1a (rcs-revision 1.7)
)
(/maths/linuxlocal/AMD64/texlive/2017/texmf-dist/tex/latex/hobby/tikzlibraryhob
by.code.tex
(/maths/linuxlocal/AMD64/texlive/2017/texmf-dist/tex/latex/hobby/pgflibraryhobb
y.code.tex
(/maths/linuxlocal/AMD64/texlive/2017/texmf-dist/tex/latex/hobby/hobby.code.tex
(/maths/linuxlocal/AMD64/texlive/2017/texmf-dist/tex/latex/l3kernel/expl3.sty
Package: expl3 2017/05/13 L3 programming layer (loader) 

(/maths/linuxlocal/AMD64/texlive/2017/texmf-dist/tex/latex/l3kernel/expl3-code.
tex
Package: expl3 2017/05/13 L3 programming layer (code)
\c_max_int=\count155
\l_tmpa_int=\count156
\l_tmpb_int=\count157
\g_tmpa_int=\count158
\g_tmpb_int=\count159
\g__prg_map_int=\count160
\c_log_iow=\count161
\l_iow_line_count_int=\count162
\l__iow_line_target_int=\count163
\l__iow_one_indent_int=\count164
\l__iow_indent_int=\count165
\c_zero_dim=\dimen195
\c_max_dim=\dimen196
\l_tmpa_dim=\dimen197
\l_tmpb_dim=\dimen198
\g_tmpa_dim=\dimen256
\g_tmpb_dim=\dimen257
\c_zero_skip=\skip73
\c_max_skip=\skip74
\l_tmpa_skip=\skip75
\l_tmpb_skip=\skip76
\g_tmpa_skip=\skip77
\g_tmpb_skip=\skip78
\c_zero_muskip=\muskip12
\c_max_muskip=\muskip13
\l_tmpa_muskip=\muskip14
\l_tmpb_muskip=\muskip15
\g_tmpa_muskip=\muskip16
\g_tmpb_muskip=\muskip17
\l_keys_choice_int=\count166
\c__fp_leading_shift_int=\count167
\c__fp_middle_shift_int=\count168
\c__fp_trailing_shift_int=\count169
\c__fp_big_leading_shift_int=\count170
\c__fp_big_middle_shift_int=\count171
\c__fp_big_trailing_shift_int=\count172
\c__fp_Bigg_leading_shift_int=\count173
\c__fp_Bigg_middle_shift_int=\count174
\c__fp_Bigg_trailing_shift_int=\count175
\c__fp_rand_size_int=\count176
\c__fp_rand_four_int=\count177
\c__fp_rand_eight_int=\count178
\l__sort_length_int=\count179
\l__sort_min_int=\count180
\l__sort_top_int=\count181
\l__sort_max_int=\count182
\l__sort_true_max_int=\count183
\l__sort_block_int=\count184
\l__sort_begin_int=\count185
\l__sort_end_int=\count186
\l__sort_A_int=\count187
\l__sort_B_int=\count188
\l__sort_C_int=\count189
\c_empty_box=\box53
\l_tmpa_box=\box54
\l_tmpb_box=\box55
\g_tmpa_box=\box56
\g_tmpb_box=\box57
\l__box_top_dim=\dimen258
\l__box_bottom_dim=\dimen259
\l__box_left_dim=\dimen260
\l__box_right_dim=\dimen261
\l__box_top_new_dim=\dimen262
\l__box_bottom_new_dim=\dimen263
\l__box_left_new_dim=\dimen264
\l__box_right_new_dim=\dimen265
\l__box_internal_box=\box58
\l__coffin_internal_box=\box59
\l__coffin_internal_dim=\dimen266
\l__coffin_offset_x_dim=\dimen267
\l__coffin_offset_y_dim=\dimen268
\l__coffin_x_dim=\dimen269
\l__coffin_y_dim=\dimen270
\l__coffin_x_prime_dim=\dimen271
\l__coffin_y_prime_dim=\dimen272
\c_empty_coffin=\box60
\l__coffin_aligned_coffin=\box61
\l__coffin_aligned_internal_coffin=\box62
\l_tmpa_coffin=\box63
\l_tmpb_coffin=\box64
\l__coffin_display_coffin=\box65
\l__coffin_display_coord_coffin=\box66
\l__coffin_display_pole_coffin=\box67
\l__coffin_display_offset_dim=\dimen273
\l__coffin_display_x_dim=\dimen274
\l__coffin_display_y_dim=\dimen275
\l__coffin_bounding_shift_dim=\dimen276
\l__coffin_left_corner_dim=\dimen277
\l__coffin_right_corner_dim=\dimen278
\l__coffin_bottom_corner_dim=\dimen279
\l__coffin_top_corner_dim=\dimen280
\l__coffin_scaled_total_height_dim=\dimen281
\l__coffin_scaled_width_dim=\dimen282
)
(/maths/linuxlocal/AMD64/texlive/2017/texmf-dist/tex/latex/l3kernel/l3pdfmode.d
ef
File: l3pdfmode.def 2017/03/18 v L3 Experimental driver: PDF mode
\l__driver_color_stack_int=\count190
\l__driver_tmp_box=\box68
))
(/maths/linuxlocal/AMD64/texlive/2017/texmf-dist/tex/latex/l3packages/xparse/xp
arse.sty
Package: xparse 2017/05/13 L3 Experimental document command parser
\l__xparse_current_arg_int=\count191
\g__xparse_grabber_int=\count192
\l__xparse_m_args_int=\count193
\l__xparse_mandatory_args_int=\count194
\l__xparse_v_nesting_int=\count195
)
(/maths/linuxlocal/AMD64/texlive/2017/texmf-dist/tex/latex/hobby/pml3array.sty
\l_array_base_int=\count196
\l_array_top_int=\count197
\l_array_tmp_int=\count198
\g_array_base_int=\count266
)
.................................................
. LaTeX info: "xparse/define-command"
. 
. Defining command \hobbyVersion with sig. '' on line 41.
.................................................
.................................................
. LaTeX info: "xparse/define-command"
. 
. Defining command \hobbyDate with sig. '' on line 45.
.................................................
.................................................
. LaTeX info: "xparse/define-command"
. 
. Defining command \HobbyDisableAux with sig. '' on line 59.
.................................................
\l_hobby_npoints_int=\count267
\l_hobby_draw_int=\count268
.................................................
. LaTeX info: "xparse/define-command"
. 
. Defining command \hobbyinit with sig. 'mmm' on line 669.
.................................................
.................................................
. LaTeX info: "xparse/define-command"
. 
. Defining command \hobbyaddpoint with sig. 'm' on line 699.
.................................................
.................................................
. LaTeX info: "xparse/define-command"
. 
. Defining command \hobbysetparams with sig. 'm' on line 705.
.................................................
.................................................
. LaTeX info: "xparse/define-command"
. 
. Defining command \hobbygenpath with sig. '' on line 721.
.................................................
.................................................
. LaTeX info: "xparse/define-command"
. 
. Defining command \hobbygenifnecpath with sig. 'm' on line 732.
.................................................
.................................................
. LaTeX info: "xparse/define-command"
. 
. Defining command \hobbygenuseifnecpath with sig. 'm' on line 744.
.................................................
.................................................
. LaTeX info: "xparse/define-command"
. 
. Defining command \hobbyusepath with sig. 'm' on line 748.
.................................................
.................................................
. LaTeX info: "xparse/define-command"
. 
. Defining command \hobbysavepath with sig. 'm' on line 751.
.................................................
.................................................
. LaTeX info: "xparse/define-command"
. 
. Defining command \hobbyrestorepath with sig. 'm' on line 756.
.................................................
.................................................
. LaTeX info: "xparse/define-command"
. 
. Defining command \hobbyshowpath with sig. 'm' on line 761.
.................................................
.................................................
. LaTeX info: "xparse/define-command"
. 
. Defining command \hobbygenusepath with sig. '' on line 767.
.................................................
.................................................
. LaTeX info: "xparse/define-command"
. 
. Defining command \hobbyclearpath with sig. '' on line 770.
.................................................
)))
(/maths/linuxlocal/AMD64/texlive/2017/texmf-dist/tex/generic/pgf/frontendlayer/
tikz/libraries/tikzlibrarybackgrounds.code.tex
File: tikzlibrarybackgrounds.code.tex 2013/07/18 v3.0.1a (rcs-revision 1.3)
\pgf@layerbox@background=\box69
\pgf@layerboxsaved@background=\box70
)
(/maths/linuxlocal/AMD64/texlive/2017/texmf-dist/tex/latex/geometry/geometry.st
y
Package: geometry 2010/09/12 v5.6 Page Geometry
\Gm@cnth=\count269
\Gm@cntv=\count270
\c@Gm@tempcnt=\count271
\Gm@bindingoffset=\dimen283
\Gm@wd@mp=\dimen284
\Gm@odd@mp=\dimen285
\Gm@even@mp=\dimen286
\Gm@layoutwidth=\dimen287
\Gm@layoutheight=\dimen288
\Gm@layouthoffset=\dimen289
\Gm@layoutvoffset=\dimen290
\Gm@dimlist=\toks47
)
\c@theorem=\count272
Package newfloat Info: New float `examplefigure' with options `fileext=los, lis
tname={List of Example Figures}, name=Example Figure, placement=tbhp, within=se
ction,' on input line 73.
\c@examplefigure=\count273
Package newfloat Info: float type `examplefigure'=4 on input line 73.
\c@subexamplefigure=\count274
Package newfloat Info: New float `myfigure' with options `fileext=los, listname
={List of myFigures}, name=Figure, placement=tbhp, within=section,' on input li
ne 79.
\c@myfigure=\count275
Package newfloat Info: float type `myfigure'=8 on input line 79.
Package newfloat Info: \newfloat@ext@los is already defined on input line 79.
\c@submyfigure=\count276
 (./Working Clean Document.aux)
\openout1 = `"Working Clean Document.aux"'.

LaTeX Font Info:    Checking defaults for OML/cmm/m/it on input line 96.
LaTeX Font Info:    ... okay on input line 96.
LaTeX Font Info:    Checking defaults for T1/cmr/m/n on input line 96.
LaTeX Font Info:    ... okay on input line 96.
LaTeX Font Info:    Checking defaults for OT1/cmr/m/n on input line 96.
LaTeX Font Info:    ... okay on input line 96.
LaTeX Font Info:    Checking defaults for OMS/cmsy/m/n on input line 96.
LaTeX Font Info:    ... okay on input line 96.
LaTeX Font Info:    Checking defaults for OMX/cmex/m/n on input line 96.
LaTeX Font Info:    ... okay on input line 96.
LaTeX Font Info:    Checking defaults for U/cmr/m/n on input line 96.
LaTeX Font Info:    ... okay on input line 96.
LaTeX Font Info:    Checking defaults for PD1/pdf/m/n on input line 96.
LaTeX Font Info:    ... okay on input line 96.

(/maths/linuxlocal/AMD64/texlive/2017/texmf-dist/tex/context/base/mkii/supp-pdf
.mkii
[Loading MPS to PDF converter (version 2006.09.02).]
\scratchcounter=\count277
\scratchdimen=\dimen291
\scratchbox=\box71
\nofMPsegments=\count278
\nofMParguments=\count279
\everyMPshowfont=\toks48
\MPscratchCnt=\count280
\MPscratchDim=\dimen292
\MPnumerator=\count281
\makeMPintoPDFobject=\count282
\everyMPtoPDFconversion=\toks49
)
(/maths/linuxlocal/AMD64/texlive/2017/texmf-dist/tex/latex/oberdiek/epstopdf-ba
se.sty
Package: epstopdf-base 2016/05/15 v2.6 Base part for package epstopdf

(/maths/linuxlocal/AMD64/texlive/2017/texmf-dist/tex/latex/oberdiek/grfext.sty
Package: grfext 2016/05/16 v1.2 Manage graphics extensions (HO)
)
Package epstopdf-base Info: Redefining graphics rule for `.eps' on input line 4
38.
Package grfext Info: Graphics extension search list:
(grfext)             [.png,.pdf,.jpg,.mps,.jpeg,.jbig2,.jb2,.PNG,.PDF,.JPG,.JPE
G,.JBIG2,.JB2,.eps]
(grfext)             \AppendGraphicsExtensions on input line 456.

(/maths/linuxlocal/AMD64/texlive/2017/texmf-dist/tex/latex/latexconfig/epstopdf
-sys.cfg
File: epstopdf-sys.cfg 2010/07/13 v1.3 Configuration of (r)epstopdf for TeX Liv
e
)) ABD: EveryShipout initializing macros
Package caption Info: Begin \AtBeginDocument code.
Package caption Info: floatrow package is loaded.
Package caption Info: float package is loaded.
Package caption Info: floatrow package is loaded.
Package caption Info: hyperref package is loaded.
Package caption Info: End \AtBeginDocument code.
\AtBeginShipoutBox=\box72
Package hyperref Info: Link coloring OFF on input line 96.

(/maths/linuxlocal/AMD64/texlive/2017/texmf-dist/tex/latex/hyperref/nameref.sty
Package: nameref 2016/05/21 v2.44 Cross-referencing by name of section

(/maths/linuxlocal/AMD64/texlive/2017/texmf-dist/tex/generic/oberdiek/gettitles
tring.sty
Package: gettitlestring 2016/05/16 v1.5 Cleanup title references (HO)
)
\c@section@level=\count283
)
LaTeX Info: Redefining \ref on input line 96.
LaTeX Info: Redefining \pageref on input line 96.
LaTeX Info: Redefining \nameref on input line 96.
 (./Working Clean Document.out) (./Working Clean Document.out)
\@outlinefile=\write7
\openout7 = `"Working Clean Document.out"'.


*geometry* driver: auto-detecting
*geometry* detected driver: pdftex
*geometry* verbose mode - [ preamble ] result:
* driver: pdftex
* paper: a4paper
* layout: <same size as paper>
* layoutoffset:(h,v)=(0.0pt,0.0pt)
* modes: 
* h-part:(L,W,R)=(56.9055pt, 483.69687pt, 56.9055pt)
* v-part:(T,H,B)=(56.9055pt, 686.7347pt, 101.40665pt)
* \paperwidth=597.50787pt
* \paperheight=845.04684pt
* \textwidth=483.69687pt
* \textheight=686.7347pt
* \oddsidemargin=-15.36449pt
* \evensidemargin=-15.36449pt
* \topmargin=-52.36449pt
* \headheight=12.0pt
* \headsep=25.0pt
* \topskip=10.0pt
* \footskip=30.0pt
* \marginparwidth=57.0pt
* \marginparsep=11.0pt
* \columnsep=10.0pt
* \skip\footins=9.0pt plus 4.0pt minus 2.0pt
* \hoffset=0.0pt
* \voffset=0.0pt
* \mag=1000
* \@twocolumnfalse
* \@twosidefalse
* \@mparswitchfalse
* \@reversemarginfalse
* (1in=72.27pt=25.4mm, 1cm=28.453pt)

LaTeX Font Info:    Try loading font information for U+msa on input line 103.
(/maths/linuxlocal/AMD64/texlive/2017/texmf-dist/tex/latex/amsfonts/umsa.fd
File: umsa.fd 2013/01/14 v3.01 AMS symbols A
)
LaTeX Font Info:    Try loading font information for U+msb on input line 103.

(/maths/linuxlocal/AMD64/texlive/2017/texmf-dist/tex/latex/amsfonts/umsb.fd
File: umsb.fd 2013/01/14 v3.01 AMS symbols B
)
(./Working Clean Document.toc [1

{/maths/linuxlocal/AMD64/texlive/2017/texmf-var/fonts/map/pdftex/updmap/pdftex.
map}]
Overfull \hbox (0.61113pt too wide) detected at line 59
 []\OT1/cmr/m/n/10 xxii
 []

)
\tf@toc=\write8
\openout8 = `"Working Clean Document.toc"'.

 [2]

Package natbib Warning: Citation `Alpern2011' on page 1 undefined on input line
 124.


Package natbib Warning: Citation `Lin2013' on page 1 undefined on input line 12
4.


Package natbib Warning: Citation `Alpern2011' on page 1 undefined on input line
 126.


Package natbib Warning: Citation `Lin2013' on page 1 undefined on input line 12
8.

pdfTeX warning (ext4): destination with the same identifier (name{page.1}) has 
been already used, duplicate ignored
<to be read again> 
                   \relax 
l.134 \clearpage
                 [1

]

Package natbib Warning: Citation `Larson1972' on page 1 undefined on input line
 149.


Package natbib Warning: Citation `Chelst1978' on page 1 undefined on input line
 149.


Package natbib Warning: Citation `Chaiken1978' on page 1 undefined on input lin
e 149.


Package natbib Warning: Citation `Birge1989' on page 1 undefined on input line 
149.


Package natbib Warning: Citation `Taylor1985' on page 1 undefined on input line
 149.


Package natbib Warning: Citation `Feichtinger1983' on page 1 undefined on input
 line 151.


Package natbib Warning: Citation `Brown2006' on page 1 undefined on input line 
153.


Package natbib Warning: Citation `Lindelauf2009' on page 1 undefined on input l
ine 153.


Package natbib Warning: Citation `Fox' on page 1 undefined on input line 153.


Package natbib Warning: Citation `Paruchuri2008' on page 1 undefined on input l
ine 153.


Package natbib Warning: Citation `Steve2003' on page 1 undefined on input line 
155.


Package natbib Warning: Citation `Alpern2011a' on page 1 undefined on input lin
e 155.


Package natbib Warning: Citation `Kikuta2002a' on page 1 undefined on input lin
e 155.


Package natbib Warning: Citation `Ruckle2000' on page 1 undefined on input line
 155.


Package natbib Warning: Citation `Alpern2014' on page 1 undefined on input line
 155.


Package natbib Warning: Citation `Black1965' on page 1 undefined on input line 
157.


Package natbib Warning: Citation `Matula1964' on page 1 undefined on input line
 157.


Package natbib Warning: Citation `Lin2016' on page 1 undefined on input line 15
7.


Package natbib Warning: Citation `Ruckle1983' on page 1 undefined on input line
 157.


Package natbib Warning: Citation `Zoroa1999' on page 1 undefined on input line 
157.


Package natbib Warning: Citation `Zoroa2004' on page 1 undefined on input line 
157.

pdfTeX warning (ext4): destination with the same identifier (name{page.1}) has 
been already used, duplicate ignored
<to be read again> 
                   \relax 
l.158 
       [1

]

Package natbib Warning: Citation `Steve2003' on page 2 undefined on input line 
159.


Package natbib Warning: Citation `Alpern1999' on page 2 undefined on input line
 159.


Package natbib Warning: Citation `Alpern1998' on page 2 undefined on input line
 159.


Package natbib Warning: Citation `Abdel-Rahman2014' on page 2 undefined on inpu
t line 159.


Package natbib Warning: Citation `Alpern2011' on page 2 undefined on input line
 161.


Package natbib Warning: Citation `Papadaki2016' on page 2 undefined on input li
ne 161.


Package natbib Warning: Citation `Alpern2016' on page 2 undefined on input line
 161.


Package natbib Warning: Citation `Lin2013' on page 2 undefined on input line 16
3.


Package natbib Warning: Citation `Gittins2011' on page 2 undefined on input lin
e 163.


Package natbib Warning: Citation `Lin2014' on page 2 undefined on input line 16
5.


Package natbib Warning: Citation `Alpern2011' on page 2 undefined on input line
 169.

pdfTeX warning (ext4): destination with the same identifier (name{page.2}) has 
been already used, duplicate ignored
<to be read again> 
                   \relax 
l.171 \subsubsection
                    {Game set-up} [2]
LaTeX Font Info:    Try loading font information for OMS+cmr on input line 174.


(/maths/linuxlocal/AMD64/texlive/2017/texmf-dist/tex/latex/base/omscmr.fd
File: omscmr.fd 2014/09/29 v2.5h Standard LaTeX font definitions
)
LaTeX Font Info:    Font shape `OMS/cmr/m/n' in size <10> not available
(Font)              Font shape `OMS/cmsy/m/n' tried instead on input line 174.

[3]

Package natbib Warning: Citation `Alpern2011' on page 4 undefined on input line
 217.


Package natbib Warning: Citation `Alpern2011' on page 4 undefined on input line
 244.

[4]

Package natbib Warning: Citation `Alpern2011' on page 5 undefined on input line
 271.


Package natbib Warning: Citation `Papadaki2016' on page 5 undefined on input li
ne 271.

(./Images/LineRegions(L_10).tex)
Package hyperref Info: bookmark level for unknown myfigure defaults to 0 on inp
ut line 287.


Package natbib Warning: Citation `Papadaki2016' on page 5 undefined on input li
ne 291.

[5]

Package natbib Warning: Citation `Alpern2011' on page 6 undefined on input line
 304.


Package natbib Warning: Citation `Papadaki2016' on page 6 undefined on input li
ne 304.


Package natbib Warning: Citation `Lin2013' on page 6 undefined on input line 30
8.


Package natbib Warning: Citation `Whittle1988' on page 6 undefined on input lin
e 308.


Package natbib Warning: Citation `Lin2013' on page 6 undefined on input line 31
0.

[6]
Overfull \hbox (5.76933pt too wide) in paragraph at lines 441--442
[]\OT1/cmr/m/n/10 We can for-mu-late such a prob-lem as a Markov De-ci-sion Pro
-cess(MDP) with state space, $
 = \OMS/cmsy/m/n/10 f\OML/cmm/b/it/10 s \OT1/cmr/m/n/10 = (\OML/cmm/m/it/10 s[]
; :::; s[]\OT1/cmr/m/n/10 ) \OMS/cmsy/m/n/10 j \OML/cmm/m/it/10 s[] \OT1/cmr/m/
n/10 =
 []

[7]

Package natbib Warning: Citation `Puterman1994' on page 8 undefined on input li
ne 454.


Package natbib Warning: Citation `Puterman1994' on page 8 undefined on input li
ne 463.

[8] [9] [10]

Package natbib Warning: Citation `Lin2013' on page 11 undefined on input line 5
81.


Package natbib Warning: Citation `Lin2013' on page 11 undefined on input line 5
97.


Package natbib Warning: Citation `Lin2013' on page 11 undefined on input line 6
00.

[11]

Package natbib Warning: Citation `Alpern2011' on page 12 undefined on input lin
e 606.


Package natbib Warning: Citation `Alpern2011' on page 12 undefined on input lin
e 610.


Package natbib Warning: Citation `Alpern2011' on page 12 undefined on input lin
e 616.

[12]

Package natbib Warning: Citation `Alpern2011' on page 13 undefined on input lin
e 636.

(./Images/DiametricAttack(m_45,d_30).tex) [13] [14]

Package natbib Warning: Citation `Lin2013' on page 15 undefined on input line 7
55.


Package natbib Warning: Citation `Lin2013' on page 15 undefined on input line 7
66.


Overfull \hbox (1.39311pt too wide) in paragraph at lines 874--874
[][][][]$\OML/cmm/m/it/10 C[]$  
 []

[15]

Package natbib Warning: Citation `Alpern2011' on page 16 undefined on input lin
e 894.


Package natbib Warning: Citation `Alpern2011' on page 16 undefined on input lin
e 894.


Package natbib Warning: Citation `Alpern2011' on page 16 undefined on input lin
e 911.

[16] (./Images/ElongatedStarRegions(S_10_5).tex)
(./Images/BaseInterceptionOnS_4^5(m=4).tex) [17] [18]

Package natbib Warning: Citation `Papadaki2016' on page 19 undefined on input l
ine 1017.


Package natbib Warning: Citation `Papadaki2016' on page 19 undefined on input l
ine 1048.

[19]
Package hyperref Info: bookmark level for unknown examplefigure defaults to 0 o
n input line 1128.
 (./Images/NavieInterceptionOnS_4^5(m=4).tex) [20]
(./Images/CombinatorialInterceptionOnS_4^5(m=8).tex)
(./Images/CombinatorialInterceptionOnS_4^5(m=4).tex) [21]

Package natbib Warning: Citation `Lin2013' on page 22 undefined on input line 1
187.

[22]

Package natbib Warning: Citation `Alpern2011' on page 23 undefined on input lin
e 1259.


Package natbib Warning: Citation `Alpern2011' on page 23 undefined on input lin
e 1259.

[23] [24] (./Images/GeneralStarRegions(S_10_5,3,2,1).tex) [25] [26] [27]
[28] [29] [30] [31] [32] [33] [34] [35] [36]
(./Images/BHvsPHInitialPlainComplete.tex) [37]
(./Images/BHvsPHNewPlainComplete.tex)

Package natbib Warning: Citation `Lin2013' on page 38 undefined on input line 2
534.

[38] [39] [40]
Overfull \hbox (1.72064pt too wide) in paragraph at lines 2718--2719
\OT1/cmr/m/n/10 The cur-rent code can only deal with de-ter-min-is-tic at-tack 
times, as it was ini-tially de-vel-oped for local-observations.
 []


Package natbib Warning: Citation `Lin2013' on page 41 undefined on input line 2
727.

[41] [42] [43]

Package natbib Warning: Citation `Lin2013' on page 44 undefined on input line 2
897.

[44]

Package natbib Warning: Citation `Lin2013' on page 45 undefined on input line 2
962.


Package natbib Warning: Citation `Lin2013' on page 45 undefined on input line 2
964.


Package natbib Warning: Citation `Lin2014' on page 45 undefined on input line 2
975.

[45]

Package natbib Warning: Citation `Lin2014' on page 46 undefined on input line 2
977.


Package natbib Warning: Citation `Lin2014' on page 46 undefined on input line 2
984.


Package natbib Warning: Citation `Lin2014' on page 46 undefined on input line 2
984.


Package natbib Warning: Citation `Lin2014' on page 46 undefined on input line 2
984.


Package natbib Warning: Citation `Lin2013' on page 46 undefined on input line 2
984.

No file "Working Clean Document".bbl.
[46] [1] [2]

Package natbib Warning: Citation `Alpern2011' on page iii undefined on input li
ne 3407.

[3] [4] [5] [6] [7]
Overfull \hbox (31.2838pt too wide) in paragraph at lines 3642--3644
[]\OT1/cmr/m/n/10 Moving purely around $\OMS/cmsy/m/n/10 ^^C$ \OT1/cmr/m/n/10 n
odes will get us as be-fore $[]$. Mov-ing and wait-ing at $1$ gets us $[] \OMS/
cmsy/m/n/10 ^^B
 []


Overfull \hbox (2.07112pt too wide) in paragraph at lines 3668--3669
[]\OT1/cmr/m/n/10 Now con-sider mov-ing to $1$ and wait-ing , ar-rive at time $
\OML/cmm/m/it/10 t \OT1/cmr/m/n/10 + \OML/cmm/m/it/10 k \OT1/cmr/m/n/10 + 2 = 2
\OML/cmm/m/it/10 k \OT1/cmr/m/n/10 + 2 + \OML/cmm/m/it/10 t[]$\OT1/cmr/m/n/10 .
 Then the pay-off is $[]$.
 []

[8] [9] [10] [11] [12] [13] [14] [15] [16] [17] [18]
Overfull \hbox (44.5493pt too wide) in paragraph at lines 4080--4082
[]\OT1/cmr/m/n/10 If $\OML/cmm/m/it/10 k[] \OMS/cmsy/m/n/10 ^^@ \OML/cmm/m/it/1
0 i \OT1/cmr/m/n/10 + \OML/cmm/m/it/10 m \OMS/cmsy/m/n/10 ^^@ \OML/cmm/m/it/10 
t[] \OMS/cmsy/m/n/10 ^^@ \OT1/cmr/m/n/10 1 \OMS/cmsy/m/n/10 ^^@ \OML/cmm/m/it/1
0 q \OMS/cmsy/m/n/10 ^^U \OT1/cmr/m/n/10 2(\OML/cmm/m/it/10 j \OT1/cmr/m/n/10 +
 1) \OMS/cmsy/m/n/10 ^^U \OML/cmm/m/it/10 m$ \OT1/cmr/m/n/10 then we get $[] =\
OMS/cmsy/m/n/10 ^^T [] \OT1/cmr/m/n/10 =
 []

[19] [20] [21]

Package natbib Warning: Citation `Puterman1994' on page xxii undefined on input
 line 4230.


Package natbib Warning: Citation `Puterman1994' on page xxii undefined on input
 line 4230.

[22]

Package natbib Warning: Citation `Puterman1994' on page xxiii undefined on inpu
t line 4259.


Package natbib Warning: There were undefined citations.

[23]
Package atveryend Info: Empty hook `BeforeClearDocument' on input line 4260.
Package atveryend Info: Empty hook `AfterLastShipout' on input line 4260.
 (./Working Clean Document.aux)
Package atveryend Info: Executing hook `AtVeryEndDocument' on input line 4260.
Package atveryend Info: Executing hook `AtEndAfterFileList' on input line 4260.

Package rerunfilecheck Info: File `"Working Clean Document".out' has not change
d.
(rerunfilecheck)             Checksum: 0D7F41A7C85C9B7F8A24AF73CC8A52E1;4605.
Package atveryend Info: Empty hook `AtVeryVeryEnd' on input line 4260.
 ) 
Here is how much of TeX's memory you used:
 32929 strings out of 492995
 643597 string characters out of 6132690
 852762 words of memory out of 5000000
 35748 multiletter control sequences out of 15000+600000
 25103 words of font info for 91 fonts, out of 8000000 for 9000
 1141 hyphenation exceptions out of 8191
 55i,22n,103p,10494b,1046s stack positions out of 5000i,500n,10000p,200000b,80000s
pdfTeX warning (dest): name{theorem.1.2} has been referenced but does not exi
st, replaced by a fixed one

</maths/linuxlocal/AMD64/texlive/2017/texmf-dist/fonts/type1/public/amsfonts/cm
/cmbx10.pfb></maths/linuxlocal/AMD64/texlive/2017/texmf-dist/fonts/type1/public
/amsfonts/cm/cmbx12.pfb></maths/linuxlocal/AMD64/texlive/2017/texmf-dist/fonts/
type1/public/amsfonts/cm/cmex10.pfb></maths/linuxlocal/AMD64/texlive/2017/texmf
-dist/fonts/type1/public/amsfonts/cmextra/cmex7.pfb></maths/linuxlocal/AMD64/te
xlive/2017/texmf-dist/fonts/type1/public/amsfonts/cm/cmmi10.pfb></maths/linuxlo
cal/AMD64/texlive/2017/texmf-dist/fonts/type1/public/amsfonts/cm/cmmi12.pfb></m
aths/linuxlocal/AMD64/texlive/2017/texmf-dist/fonts/type1/public/amsfonts/cm/cm
mi5.pfb></maths/linuxlocal/AMD64/texlive/2017/texmf-dist/fonts/type1/public/ams
fonts/cm/cmmi6.pfb></maths/linuxlocal/AMD64/texlive/2017/texmf-dist/fonts/type1
/public/amsfonts/cm/cmmi7.pfb></maths/linuxlocal/AMD64/texlive/2017/texmf-dist/
fonts/type1/public/amsfonts/cm/cmmi8.pfb></maths/linuxlocal/AMD64/texlive/2017/
texmf-dist/fonts/type1/public/amsfonts/cm/cmmi9.pfb></maths/linuxlocal/AMD64/te
xlive/2017/texmf-dist/fonts/type1/public/amsfonts/cm/cmmib10.pfb></maths/linuxl
ocal/AMD64/texlive/2017/texmf-dist/fonts/type1/public/amsfonts/cmextra/cmmib7.p
fb></maths/linuxlocal/AMD64/texlive/2017/texmf-dist/fonts/type1/public/amsfonts
/cm/cmr10.pfb></maths/linuxlocal/AMD64/texlive/2017/texmf-dist/fonts/type1/publ
ic/amsfonts/cm/cmr12.pfb></maths/linuxlocal/AMD64/texlive/2017/texmf-dist/fonts
/type1/public/amsfonts/cm/cmr5.pfb></maths/linuxlocal/AMD64/texlive/2017/texmf-
dist/fonts/type1/public/amsfonts/cm/cmr6.pfb></maths/linuxlocal/AMD64/texlive/2
017/texmf-dist/fonts/type1/public/amsfonts/cm/cmr7.pfb></maths/linuxlocal/AMD64
/texlive/2017/texmf-dist/fonts/type1/public/amsfonts/cm/cmr9.pfb></maths/linuxl
ocal/AMD64/texlive/2017/texmf-dist/fonts/type1/public/amsfonts/cm/cmss10.pfb></
maths/linuxlocal/AMD64/texlive/2017/texmf-dist/fonts/type1/public/amsfonts/cm/c
mss12.pfb></maths/linuxlocal/AMD64/texlive/2017/texmf-dist/fonts/type1/public/a
msfonts/cm/cmssbx10.pfb></maths/linuxlocal/AMD64/texlive/2017/texmf-dist/fonts/
type1/public/amsfonts/cm/cmsy10.pfb></maths/linuxlocal/AMD64/texlive/2017/texmf
-dist/fonts/type1/public/amsfonts/cm/cmsy5.pfb></maths/linuxlocal/AMD64/texlive
/2017/texmf-dist/fonts/type1/public/amsfonts/cm/cmsy7.pfb></maths/linuxlocal/AM
D64/texlive/2017/texmf-dist/fonts/type1/public/amsfonts/cm/cmti10.pfb></maths/l
inuxlocal/AMD64/texlive/2017/texmf-dist/fonts/type1/public/amsfonts/cm/cmti7.pf
b></maths/linuxlocal/AMD64/texlive/2017/texmf-dist/fonts/type1/public/amsfonts/
symbols/msbm10.pfb>
Output written on "Working Clean Document.pdf" (72 pages, 739633 bytes).
PDF statistics:
 982 PDF objects out of 1000 (max. 8388607)
 869 compressed objects within 9 object streams
 244 named destinations out of 1000 (max. 500000)
 493 words of extra memory for PDF output out of 10000 (max. 10000000)

